SF:lib/features/ghost_ai/providers/ai_tutor_provider.dart
DA:38,0
DA:39,0
DA:41,0
DA:42,0
DA:43,0
DA:44,0
DA:45,0
DA:46,0
DA:47,0
DA:48,0
DA:49,0
DA:50,0
DA:51,0
DA:56,0
DA:58,0
DA:60,0
DA:61,0
DA:71,2
DA:72,0
DA:73,0
DA:74,0
DA:75,0
DA:76,0
DA:77,0
DA:78,0
DA:79,2
DA:80,2
DA:81,0
DA:82,0
DA:83,0
DA:84,0
DA:85,0
DA:86,0
DA:88,1
DA:89,1
DA:92,1
DA:93,1
DA:94,1
DA:95,1
DA:98,1
DA:100,1
DA:101,2
DA:102,1
DA:105,0
DA:106,0
DA:107,0
DA:108,0
DA:109,0
DA:110,0
DA:113,1
DA:115,2
DA:116,0
DA:117,0
DA:118,0
DA:120,3
DA:124,1
DA:125,1
DA:126,1
DA:127,0
DA:128,0
DA:129,0
DA:133,1
DA:137,2
DA:138,0
DA:142,1
DA:143,1
DA:144,1
DA:146,1
DA:147,1
DA:148,2
DA:149,1
DA:152,1
DA:153,1
DA:154,1
DA:158,1
DA:164,1
DA:165,2
DA:166,1
DA:167,1
DA:168,2
DA:170,0
DA:172,0
DA:173,0
DA:174,0
DA:179,0
DA:184,0
DA:185,0
DA:186,0
DA:187,0
DA:194,0
DA:195,0
DA:196,0
DA:197,0
DA:199,1
DA:200,1
DA:203,2
DA:204,2
DA:205,0
DA:206,0
DA:207,0
DA:209,1
DA:212,0
DA:215,0
DA:218,0
DA:219,0
DA:220,0
DA:221,0
DA:224,0
DA:225,0
DA:227,0
DA:228,0
DA:231,0
DA:232,0
DA:233,0
DA:234,0
DA:235,0
DA:239,0
DA:241,0
DA:242,0
DA:244,0
DA:248,0
DA:250,0
DA:251,0
DA:254,0
DA:255,0
DA:256,0
DA:259,0
DA:260,0
DA:261,0
DA:262,0
DA:263,0
DA:265,0
DA:268,0
DA:270,0
DA:272,0
DA:273,0
DA:277,1
DA:278,1
DA:279,2
DA:280,2
DA:281,2
DA:282,1
DA:283,1
DA:286,1
DA:288,2
DA:289,3
DA:290,1
DA:291,2
DA:292,1
DA:294,3
DA:295,1
DA:297,0
DA:298,0
DA:303,0
DA:304,0
DA:305,0
DA:308,0
DA:309,0
DA:311,0
DA:312,0
DA:317,0
DA:318,0
DA:324,0
DA:325,0
DA:331,0
DA:332,0
DA:338,0
DA:342,0
DA:343,0
DA:346,0
DA:347,0
DA:350,0
DA:351,0
DA:354,0
DA:357,0
DA:360,0
DA:361,0
DA:362,0
DA:367,0
DA:369,0
DA:370,0
DA:371,0
DA:376,0
DA:377,0
DA:378,0
DA:381,0
DA:382,0
DA:383,0
DA:386,0
DA:389,0
DA:391,0
DA:392,0
DA:394,0
DA:395,0
DA:396,0
DA:400,0
DA:402,0
DA:403,0
DA:406,0
DA:408,0
DA:409,0
DA:410,0
DA:412,0
DA:414,0
DA:415,0
DA:418,0
DA:419,0
DA:421,0
DA:424,0
DA:425,0
DA:426,0
DA:427,0
DA:428,0
DA:429,0
DA:430,0
DA:431,0
DA:432,0
DA:434,0
DA:436,0
DA:440,0
DA:441,0
DA:442,0
DA:443,0
DA:444,0
DA:445,0
DA:446,0
DA:448,0
DA:449,0
DA:450,0
DA:451,0
DA:453,0
DA:454,0
DA:455,0
DA:456,0
DA:457,0
DA:458,0
DA:459,0
DA:460,0
DA:463,0
DA:467,0
DA:468,0
DA:469,0
DA:470,0
DA:471,0
DA:472,0
DA:477,0
DA:478,0
DA:479,0
DA:480,0
DA:481,0
DA:484,0
DA:487,0
DA:488,0
DA:489,0
DA:493,0
DA:494,0
DA:495,0
DA:496,0
DA:502,0
DA:505,0
DA:506,0
DA:507,0
DA:509,0
DA:512,0
DA:513,0
DA:516,0
DA:517,0
DA:522,0
DA:523,0
DA:538,0
DA:541,0
DA:542,0
DA:543,0
DA:544,0
DA:545,0
DA:550,0
DA:556,0
DA:558,0
DA:559,0
DA:561,0
DA:562,0
DA:563,0
DA:564,0
DA:567,0
DA:570,0
DA:571,0
DA:583,0
DA:586,0
DA:587,0
DA:588,0
DA:589,0
DA:590,0
DA:591,0
DA:592,0
DA:593,0
DA:596,0
DA:599,0
DA:600,0
DA:601,0
DA:602,0
DA:603,0
DA:604,0
DA:607,0
DA:608,0
DA:612,0
DA:613,0
DA:616,0
DA:619,0
DA:622,0
DA:624,0
DA:626,0
DA:627,0
DA:631,0
DA:632,0
DA:633,0
DA:634,0
DA:635,0
DA:637,0
DA:641,0
DA:642,0
DA:643,0
DA:647,0
DA:648,0
DA:649,0
DA:650,0
DA:653,0
DA:655,0
DA:669,1
DA:679,0
DA:688,0
DA:689,0
DA:690,0
DA:691,0
DA:692,0
DA:693,0
DA:694,0
DA:695,0
DA:706,0
DA:722,0
DA:724,0
DA:725,0
DA:726,0
DA:727,0
DA:731,0
DA:733,0
DA:734,0
DA:735,0
DA:736,0
DA:740,0
DA:742,0
DA:743,0
DA:744,0
DA:745,0
DA:749,0
DA:751,0
DA:752,0
DA:753,0
DA:754,0
LF:358
LH:58
end_of_record
SF:lib/core/security/ollama_host.dart
DA:15,1
DA:16,1
DA:17,1
DA:22,1
DA:23,0
DA:24,0
DA:25,0
DA:26,0
DA:27,0
DA:28,0
DA:33,1
DA:38,3
DA:41,2
DA:44,2
DA:47,4
DA:52,1
DA:57,1
DA:58,2
DA:60,1
DA:61,1
DA:68,0
DA:70,0
DA:77,1
DA:78,2
DA:79,1
DA:81,2
DA:87,0
DA:88,0
DA:89,0
DA:93,0
DA:94,0
DA:97,0
DA:98,0
DA:99,0
DA:100,0
DA:102,0
DA:105,0
DA:107,0
DA:109,0
DA:111,0
DA:116,0
DA:118,0
DA:119,0
DA:122,0
LF:44
LH:18
end_of_record
SF:lib/core/services/storage_service.dart
DA:48,0
DA:49,0
DA:50,0
DA:53,1
DA:54,1
DA:55,0
DA:58,2
DA:59,2
DA:60,2
DA:61,0
DA:62,1
DA:65,1
DA:66,1
DA:70,1
DA:78,1
DA:79,1
DA:80,1
DA:85,2
DA:86,2
DA:87,1
DA:90,0
DA:91,0
DA:92,0
DA:95,1
DA:96,1
DA:97,1
DA:100,1
DA:101,1
DA:102,1
DA:105,0
DA:106,0
DA:107,0
DA:110,0
DA:111,0
DA:112,0
DA:117,1
DA:118,1
DA:119,0
DA:121,1
DA:122,1
DA:123,0
DA:124,0
DA:126,0
DA:127,0
DA:128,0
DA:129,0
DA:131,0
DA:132,0
DA:133,0
DA:134,0
DA:136,1
DA:137,1
DA:138,1
DA:139,1
DA:141,0
DA:142,0
DA:143,0
DA:144,0
DA:146,0
DA:147,0
DA:149,0
DA:150,0
DA:152,0
DA:153,0
DA:154,0
DA:155,0
DA:157,0
DA:158,0
DA:159,0
DA:164,0
DA:165,0
DA:167,0
DA:168,0
DA:169,0
DA:170,0
DA:173,0
DA:176,0
DA:178,0
DA:179,0
DA:180,0
DA:182,0
DA:189,0
DA:190,0
DA:191,0
DA:194,0
DA:195,0
DA:196,0
DA:199,0
DA:201,0
DA:202,0
DA:203,0
DA:205,0
DA:209,0
DA:210,0
DA:211,0
DA:212,0
DA:213,0
DA:214,0
DA:215,0
DA:216,0
DA:217,0
DA:220,0
DA:221,0
DA:226,0
DA:227,0
DA:228,0
DA:229,0
DA:231,0
DA:232,0
DA:233,0
DA:235,0
DA:239,0
DA:240,0
DA:241,0
DA:246,0
DA:247,0
DA:248,0
DA:251,0
DA:252,0
DA:253,0
DA:258,0
DA:260,0
DA:261,0
DA:263,0
DA:264,0
DA:267,0
DA:269,0
DA:272,0
DA:273,0
DA:278,0
DA:279,0
DA:282,0
DA:283,0
DA:284,0
DA:285,0
DA:290,0
DA:291,0
DA:292,0
DA:296,2
DA:297,2
DA:298,1
DA:299,1
DA:302,1
DA:303,1
DA:304,2
DA:306,1
DA:307,2
DA:311,0
DA:312,0
DA:315,1
DA:316,0
DA:319,1
DA:320,1
DA:321,1
DA:322,1
DA:323,1
DA:325,1
DA:329,2
DA:331,0
DA:333,0
DA:338,1
DA:339,1
DA:340,3
LF:163
LH:49
end_of_record
SF:lib/features/courses/models/gamification_models.dart
DA:25,1
DA:41,1
DA:56,1
DA:57,1
DA:58,0
DA:59,1
DA:60,1
DA:61,1
DA:62,1
DA:63,1
DA:64,1
DA:65,1
DA:66,1
DA:67,1
DA:68,1
DA:69,1
DA:73,1
DA:74,1
DA:75,1
DA:76,1
DA:77,1
DA:78,2
DA:79,2
DA:80,1
DA:81,1
DA:82,1
DA:83,1
DA:84,2
DA:85,1
DA:86,1
DA:87,1
DA:91,1
DA:92,1
DA:93,1
DA:94,1
DA:95,1
DA:96,2
DA:97,2
DA:98,1
DA:99,1
DA:100,2
DA:101,1
DA:102,3
DA:103,1
DA:104,1
DA:105,1
DA:109,2
DA:110,4
DA:122,1
DA:132,1
DA:133,1
DA:134,1
DA:135,1
DA:136,1
DA:137,2
DA:138,2
DA:139,5
DA:140,1
DA:144,1
DA:145,1
DA:146,1
DA:147,1
DA:148,1
DA:149,2
DA:150,2
DA:151,5
DA:152,2
DA:168,1
DA:180,1
DA:181,1
DA:182,1
DA:183,1
DA:184,1
DA:185,1
DA:186,1
DA:187,1
DA:188,1
DA:189,1
DA:190,1
DA:194,1
DA:195,1
DA:196,1
DA:197,1
DA:198,1
DA:199,1
DA:200,1
DA:201,2
DA:202,1
DA:203,1
DA:204,1
DA:223,2
DA:238,2
DA:239,2
DA:240,2
DA:241,2
DA:242,2
DA:243,2
DA:244,2
DA:245,6
DA:246,2
DA:247,2
DA:248,2
DA:249,4
DA:250,6
DA:251,2
DA:255,2
DA:256,2
DA:257,2
DA:258,2
DA:259,2
DA:260,2
DA:261,2
DA:262,2
DA:263,2
DA:264,2
DA:265,4
DA:266,4
DA:267,2
DA:268,4
DA:269,2
DA:270,2
DA:271,2
DA:272,4
DA:276,1
DA:290,1
DA:291,1
DA:292,0
DA:293,1
DA:294,1
DA:295,1
DA:296,1
DA:297,1
DA:298,1
DA:299,1
DA:300,1
DA:301,1
DA:302,1
DA:306,1
DA:307,2
DA:308,2
DA:311,1
DA:312,2
DA:313,2
DA:329,1
DA:342,1
DA:354,1
DA:355,1
DA:356,1
DA:357,1
DA:358,0
DA:359,1
DA:360,1
DA:361,1
DA:362,1
DA:363,1
DA:364,1
DA:368,1
DA:369,1
DA:370,1
DA:371,1
DA:372,1
DA:373,1
DA:374,2
DA:375,1
DA:376,1
DA:377,1
DA:378,1
DA:379,1
DA:383,1
DA:384,1
DA:385,1
DA:386,1
DA:387,1
DA:388,1
DA:389,2
DA:390,2
DA:391,1
DA:392,1
DA:393,1
DA:394,1
DA:398,4
DA:399,3
DA:415,1
DA:429,1
DA:442,1
DA:443,1
DA:444,0
DA:445,1
DA:446,1
DA:447,1
DA:448,1
DA:449,1
DA:450,1
DA:451,1
DA:452,1
DA:453,1
DA:457,1
DA:458,1
DA:459,1
DA:460,1
DA:461,1
DA:462,1
DA:463,1
DA:464,1
DA:465,1
DA:466,1
DA:467,1
DA:468,1
DA:469,1
DA:473,1
DA:474,1
DA:475,1
DA:476,1
DA:477,1
DA:478,2
DA:479,1
DA:480,1
DA:481,2
DA:482,1
DA:483,1
DA:484,1
DA:485,1
DA:499,1
DA:521,0
LF:224
LH:219
end_of_record
SF:lib/features/courses/data/course_repository.dart
DA:15,0
DA:22,0
DA:23,0
DA:24,0
DA:25,0
DA:26,0
DA:27,0
DA:40,1
DA:60,2
DA:71,1
DA:72,1
DA:73,1
DA:74,1
DA:75,1
DA:76,1
DA:77,1
DA:78,1
DA:79,2
DA:80,1
DA:83,1
DA:84,3
DA:85,1
DA:86,1
DA:87,2
DA:90,1
DA:91,2
DA:93,1
DA:94,1
DA:95,1
DA:96,1
DA:97,1
DA:102,1
DA:104,3
DA:105,1
DA:106,1
DA:108,1
DA:116,0
DA:117,0
DA:119,0
DA:120,0
DA:121,0
DA:124,0
DA:125,0
DA:126,0
LF:44
LH:29
end_of_record
SF:lib/utils/course_expansion.dart
DA:9,0
DA:11,0
DA:12,0
DA:13,0
DA:14,0
DA:15,0
DA:16,0
DA:19,0
DA:20,0
DA:21,0
DA:25,3
DA:91,2
DA:93,2
DA:94,6
DA:95,9
DA:96,2
DA:97,2
DA:99,2
DA:100,5
DA:101,1
DA:102,3
DA:103,2
DA:104,1
DA:105,4
DA:108,0
DA:109,2
DA:110,0
DA:111,2
DA:112,0
DA:113,2
DA:114,0
DA:115,2
DA:116,0
DA:117,2
DA:118,0
DA:119,2
DA:120,0
DA:121,2
DA:122,0
DA:126,2
DA:127,0
DA:131,2
DA:132,2
DA:135,1
DA:136,8
DA:137,1
DA:138,4
DA:139,1
DA:141,1
DA:144,1
DA:148,2
DA:149,2
DA:150,8
DA:151,4
DA:152,4
DA:157,6
DA:158,5
DA:159,4
DA:166,2
DA:167,2
DA:169,0
DA:172,2
DA:175,2
DA:176,2
DA:177,4
DA:180,2
DA:186,3
DA:192,2
LF:68
LH:48
end_of_record
SF:lib/features/ghost_ai/service/ollama_service.dart
DA:24,2
DA:31,0
DA:36,3
DA:38,1
DA:39,1
DA:40,1
DA:41,0
DA:46,1
DA:52,1
DA:53,1
DA:55,0
DA:56,0
DA:58,0
DA:59,0
DA:61,0
DA:62,0
DA:67,0
DA:70,0
DA:72,0
DA:73,0
DA:74,0
DA:75,0
DA:76,0
DA:80,0
DA:81,1
DA:86,1
DA:92,3
DA:99,0
DA:105,0
DA:106,0
DA:108,0
DA:109,0
DA:114,0
DA:117,0
DA:118,0
DA:120,0
DA:124,0
DA:132,0
DA:133,0
DA:134,0
DA:135,0
DA:137,0
DA:140,0
DA:142,0
DA:144,0
DA:146,0
DA:147,0
DA:153,0
DA:155,0
DA:156,0
DA:159,0
DA:160,0
DA:163,0
DA:166,0
DA:167,0
DA:169,0
DA:173,0
DA:175,0
DA:176,0
DA:178,0
DA:182,0
DA:184,0
DA:188,0
DA:189,0
DA:191,0
DA:195,0
DA:197,0
DA:206,0
DA:210,0
DA:212,0
DA:213,0
DA:214,0
DA:216,0
DA:217,0
DA:221,0
DA:224,0
DA:227,0
DA:228,0
DA:229,0
DA:231,0
DA:233,0
DA:234,0
DA:235,0
DA:236,0
DA:238,0
DA:239,0
DA:240,0
DA:241,0
DA:242,0
DA:245,0
DA:246,0
DA:248,0
LF:92
LH:11
end_of_record
SF:lib/core/security/anti_tampering.dart
DA:42,1
DA:43,2
DA:44,2
DA:45,2
DA:49,1
DA:50,1
DA:51,2
DA:53,2
DA:55,0
DA:63,1
DA:64,1
DA:65,2
DA:70,1
DA:73,1
DA:74,0
DA:76,1
DA:77,1
DA:79,3
DA:80,1
DA:81,1
DA:82,1
DA:83,1
DA:87,1
DA:93,0
DA:96,0
DA:99,0
DA:100,0
DA:101,0
DA:103,0
DA:104,0
DA:105,0
DA:107,0
DA:108,0
DA:109,0
DA:110,0
DA:111,0
DA:112,0
DA:114,0
DA:119,0
DA:120,0
DA:121,0
DA:123,0
DA:125,0
DA:134,0
DA:135,0
DA:136,0
DA:139,0
DA:141,0
DA:142,0
DA:143,0
DA:144,0
DA:149,0
DA:151,0
DA:157,1
DA:158,1
DA:159,1
DA:163,1
DA:164,1
DA:165,1
DA:166,1
DA:167,1
DA:168,2
DA:169,2
DA:170,2
DA:171,2
DA:172,2
DA:173,2
DA:175,1
DA:176,1
DA:177,1
DA:178,1
DA:179,1
DA:181,1
DA:182,9
DA:183,1
DA:184,1
DA:185,1
DA:187,1
DA:192,0
DA:193,0
DA:194,0
DA:199,1
DA:202,2
DA:203,1
DA:204,1
DA:205,3
DA:206,1
DA:207,3
DA:208,1
DA:218,1
DA:220,2
DA:222,1
DA:223,1
DA:224,1
DA:225,1
DA:226,1
DA:227,1
DA:228,1
DA:232,1
DA:233,3
DA:234,1
DA:235,2
DA:236,2
DA:237,1
DA:238,0
DA:250,0
DA:251,0
DA:252,0
DA:253,0
DA:257,1
DA:258,1
DA:259,2
DA:260,0
DA:261,0
DA:263,2
DA:264,0
DA:265,0
DA:267,2
DA:268,0
DA:269,0
DA:271,1
DA:272,1
DA:295,1
DA:310,0
DA:311,0
DA:312,0
DA:313,0
DA:314,0
DA:315,0
DA:316,0
DA:317,0
DA:318,0
DA:319,0
DA:320,0
DA:321,0
DA:322,0
DA:334,1
DA:335,1
DA:339,0
DA:342,1
DA:348,1
DA:350,1
DA:353,0
DA:354,0
DA:356,0
DA:357,0
DA:365,1
LF:147
LH:83
end_of_record
SF:lib/core/security/build_verification.dart
DA:29,1
DA:31,1
DA:32,1
DA:33,1
DA:37,2
DA:39,2
DA:40,4
DA:42,0
DA:44,0
DA:49,2
DA:50,1
DA:51,0
DA:54,2
DA:55,1
DA:58,1
DA:59,2
DA:63,1
DA:65,1
DA:67,1
DA:70,1
DA:72,1
DA:73,0
DA:76,0
DA:77,0
DA:80,0
DA:81,0
DA:89,1
DA:90,1
DA:91,1
DA:92,3
DA:93,1
DA:94,1
DA:95,1
DA:96,1
DA:97,1
DA:98,2
DA:104,1
DA:105,1
DA:106,1
DA:108,1
DA:110,3
DA:111,4
DA:115,1
DA:117,1
DA:122,1
DA:124,1
DA:125,2
DA:127,2
DA:128,3
DA:129,2
DA:131,0
DA:134,1
DA:135,3
DA:141,1
DA:142,1
DA:143,1
DA:144,0
DA:145,0
DA:146,0
DA:150,1
DA:152,8
DA:153,3
DA:156,1
DA:157,2
DA:159,2
DA:160,2
DA:161,1
DA:162,2
DA:163,2
DA:167,0
DA:168,0
DA:169,0
DA:189,1
DA:202,1
DA:214,1
DA:215,1
DA:216,1
DA:217,1
DA:218,1
DA:219,1
DA:220,1
DA:221,0
DA:222,0
DA:223,0
DA:224,1
DA:227,2
DA:228,1
DA:229,1
DA:230,1
DA:231,1
DA:232,1
DA:233,1
DA:234,1
DA:235,1
DA:236,1
DA:237,1
DA:240,0
DA:241,0
DA:242,0
DA:243,0
DA:244,0
DA:245,0
DA:246,0
DA:247,0
DA:248,0
DA:249,0
DA:250,0
DA:265,1
DA:276,2
DA:277,1
DA:278,2
DA:279,2
DA:280,1
DA:281,1
DA:282,2
DA:283,1
DA:297,1
DA:307,2
DA:308,1
DA:309,2
DA:310,1
DA:311,2
DA:312,1
DA:313,1
DA:314,1
DA:323,1
DA:324,1
DA:328,3
DA:331,1
DA:336,1
DA:338,1
DA:339,1
DA:345,1
DA:346,1
DA:347,1
DA:348,1
DA:349,1
DA:350,1
DA:351,2
DA:352,1
DA:353,1
DA:354,2
DA:355,2
DA:356,2
DA:357,2
DA:358,1
DA:365,1
LF:147
LH:118
end_of_record
SF:lib/core/security/identity_verification.dart
DA:36,1
DA:37,1
DA:38,1
DA:40,2
DA:42,2
DA:43,2
DA:44,1
DA:45,2
DA:47,0
DA:51,1
DA:52,1
DA:53,1
DA:58,1
DA:61,1
DA:64,1
DA:65,1
DA:71,1
DA:72,1
DA:73,1
DA:75,1
DA:76,1
DA:81,1
DA:82,1
DA:83,1
DA:84,1
DA:89,1
DA:90,2
DA:91,1
DA:92,3
DA:94,1
DA:95,4
DA:96,5
DA:97,1
DA:98,1
DA:103,1
DA:108,1
DA:111,3
DA:112,3
DA:113,2
DA:120,0
DA:121,0
DA:122,0
DA:123,0
DA:127,1
DA:128,1
DA:135,1
DA:136,2
DA:142,1
DA:143,1
DA:144,1
DA:145,0
DA:146,0
DA:147,0
DA:151,1
DA:154,1
DA:155,1
DA:156,4
DA:157,5
DA:158,1
DA:161,1
DA:163,7
DA:164,3
DA:167,1
DA:168,2
DA:171,1
DA:172,2
DA:173,1
DA:190,1
DA:200,2
DA:201,1
DA:202,1
DA:203,2
DA:204,1
DA:205,1
DA:206,1
DA:207,1
DA:223,1
DA:235,2
DA:236,1
DA:237,1
DA:238,1
DA:239,1
DA:240,1
DA:241,2
DA:242,1
DA:243,1
DA:244,1
DA:257,1
DA:266,2
DA:267,1
DA:268,1
DA:269,1
DA:270,1
DA:271,1
DA:272,1
DA:281,1
DA:282,1
DA:286,3
DA:289,1
DA:294,1
DA:295,1
DA:296,1
DA:297,1
DA:299,1
DA:300,1
DA:301,1
DA:302,1
DA:303,2
DA:304,1
DA:305,1
DA:306,1
DA:307,1
DA:308,1
DA:315,1
LF:114
LH:106
end_of_record
SF:lib/core/security/source_authentication.dart
DA:41,1
DA:45,1
DA:46,1
DA:47,1
DA:48,1
DA:51,2
DA:53,2
DA:54,3
DA:56,3
DA:58,0
DA:59,0
DA:64,1
DA:65,1
DA:66,0
DA:67,0
DA:70,4
DA:72,1
DA:76,1
DA:79,1
DA:80,1
DA:81,1
DA:82,1
DA:83,2
DA:85,1
DA:86,1
DA:87,3
DA:92,1
DA:93,1
DA:94,1
DA:96,1
DA:97,3
DA:98,1
DA:99,1
DA:100,2
DA:101,5
DA:103,1
DA:111,1
DA:113,6
DA:114,3
DA:117,1
DA:118,2
DA:121,1
DA:122,1
DA:123,2
DA:128,1
DA:130,1
DA:131,1
DA:132,1
DA:152,1
DA:165,2
DA:166,1
DA:167,1
DA:168,1
DA:169,1
DA:170,1
DA:171,1
DA:172,1
DA:173,2
DA:174,2
DA:175,1
DA:191,1
DA:203,2
DA:204,1
DA:205,1
DA:206,2
DA:207,1
DA:208,1
DA:209,1
DA:210,1
DA:211,1
DA:212,1
DA:225,0
DA:234,0
DA:235,0
DA:236,0
DA:237,0
DA:238,0
DA:239,0
DA:240,0
DA:252,1
DA:253,1
DA:257,3
DA:260,1
DA:265,1
DA:267,1
DA:273,1
DA:274,1
DA:275,1
DA:276,1
DA:277,1
DA:278,1
DA:279,2
DA:280,1
DA:281,1
DA:282,2
DA:283,2
DA:284,5
DA:285,2
DA:286,1
DA:293,1
LF:100
LH:88
end_of_record
SF:lib/core/services/module_service.dart
DA:19,1
DA:20,1
DA:21,3
DA:22,1
DA:23,1
DA:28,1
DA:29,1
DA:30,3
DA:31,1
DA:32,1
DA:38,1
DA:39,1
DA:41,1
DA:42,1
DA:44,1
DA:46,2
DA:47,3
DA:49,1
DA:50,1
DA:52,0
DA:56,1
DA:57,1
DA:59,4
DA:60,1
DA:61,1
DA:62,1
DA:63,1
DA:64,2
DA:66,4
DA:73,1
DA:76,4
DA:81,1
DA:82,2
DA:83,2
DA:86,1
DA:89,4
DA:96,0
DA:103,1
DA:104,1
DA:105,1
DA:106,1
DA:107,1
DA:108,2
DA:109,4
DA:115,1
DA:116,2
DA:117,2
DA:118,1
DA:119,1
DA:120,1
DA:121,1
DA:126,1
DA:128,1
DA:129,1
DA:130,0
DA:134,4
DA:135,1
DA:137,1
DA:138,1
DA:140,1
DA:142,4
DA:146,1
DA:148,1
DA:149,4
DA:150,4
DA:154,4
DA:160,1
DA:161,1
DA:163,1
DA:164,1
DA:166,1
DA:168,2
DA:169,3
DA:170,1
DA:172,1
DA:177,0
DA:183,1
DA:185,1
DA:186,1
DA:188,2
DA:189,1
DA:192,1
DA:193,2
DA:194,2
DA:203,1
DA:205,1
DA:206,1
DA:208,1
DA:210,2
DA:211,3
DA:212,1
DA:221,1
DA:223,4
DA:224,3
DA:226,1
DA:227,3
DA:230,1
DA:231,1
DA:234,1
DA:235,1
DA:236,1
DA:237,2
DA:240,1
DA:241,3
DA:246,1
DA:247,1
DA:248,1
DA:251,1
DA:252,1
DA:253,1
DA:254,1
DA:256,0
DA:258,1
DA:259,1
DA:264,1
DA:265,1
DA:266,3
DA:267,1
DA:268,1
DA:269,1
DA:271,1
DA:274,1
DA:275,1
DA:276,2
DA:277,1
DA:278,3
DA:279,2
DA:282,1
DA:284,1
DA:285,5
DA:286,1
DA:287,3
DA:288,2
DA:289,1
DA:292,0
DA:297,1
DA:298,1
DA:300,1
DA:301,1
DA:302,8
DA:303,1
DA:304,7
DA:305,2
DA:306,2
DA:308,1
DA:313,1
DA:314,1
DA:316,1
DA:317,1
DA:318,8
DA:319,1
DA:320,7
DA:324,1
DA:325,1
DA:327,1
DA:328,1
DA:329,4
DA:330,6
DA:331,1
DA:332,1
DA:333,2
DA:334,1
DA:335,2
DA:337,1
DA:341,1
DA:342,1
DA:343,1
DA:344,1
DA:345,3
DA:346,3
DA:350,1
DA:351,1
DA:352,7
DA:353,1
DA:356,1
DA:357,4
DA:358,1
DA:359,3
DA:360,1
DA:361,1
DA:365,1
DA:366,1
DA:367,1
DA:368,3
DA:369,2
DA:373,1
DA:374,2
DA:375,2
DA:379,1
DA:381,1
DA:382,2
DA:383,2
DA:387,5
DA:388,5
DA:389,5
DA:390,2
DA:392,1
DA:393,1
DA:394,2
DA:397,3
DA:398,1
DA:399,1
DA:400,3
DA:401,1
DA:405,2
DA:406,2
DA:421,1
DA:428,1
DA:429,1
DA:430,2
DA:431,2
DA:432,4
DA:433,2
DA:437,2
DA:438,2
DA:439,3
DA:440,3
DA:441,3
LF:218
LH:212
end_of_record
SF:lib/features/lab/services/virtual_shell.dart
DA:8,3
DA:13,2
DA:14,2
DA:17,1
DA:18,1
DA:21,2
DA:22,4
DA:23,2
DA:24,2
DA:25,2
DA:26,2
DA:27,2
DA:28,2
DA:29,2
DA:30,2
DA:31,2
DA:32,2
DA:33,2
DA:34,2
DA:35,2
DA:36,2
DA:37,2
DA:38,2
DA:39,2
DA:40,2
DA:41,2
DA:42,2
DA:44,2
DA:45,2
DA:49,2
DA:50,2
DA:51,2
DA:53,2
DA:54,2
DA:55,2
DA:56,2
DA:57,2
DA:59,2
DA:60,2
DA:61,2
DA:62,2
DA:66,2
DA:69,2
DA:70,2
DA:71,2
DA:73,2
DA:76,2
DA:77,4
DA:81,2
DA:82,4
DA:83,10
DA:84,2
DA:85,4
DA:86,2
DA:87,4
DA:88,4
DA:93,2
DA:94,4
DA:95,10
DA:96,2
DA:97,4
DA:98,4
DA:99,4
DA:100,4
DA:102,4
DA:106,2
DA:107,4
DA:108,10
DA:109,2
DA:110,2
DA:111,4
DA:112,4
DA:113,4
DA:115,4
DA:117,8
DA:120,2
DA:121,3
DA:122,3
DA:124,3
DA:126,2
DA:127,2
DA:130,1
DA:131,2
DA:132,5
DA:133,1
DA:134,3
DA:135,1
DA:136,1
DA:137,4
DA:141,1
DA:142,2
DA:143,1
DA:144,1
DA:145,4
DA:149,2
DA:150,8
DA:151,2
DA:152,4
DA:154,2
DA:156,10
DA:157,2
DA:159,2
DA:160,4
DA:161,4
DA:162,4
DA:164,4
DA:167,6
DA:168,2
DA:169,2
DA:170,4
DA:173,1
DA:174,1
DA:175,1
DA:176,4
DA:179,1
DA:180,2
DA:182,4
DA:184,2
DA:188,1
DA:189,1
DA:190,1
DA:191,3
DA:192,1
DA:197,1
DA:198,1
DA:199,1
DA:202,1
DA:203,1
DA:206,1
DA:207,4
DA:208,1
DA:211,1
DA:212,1
DA:213,1
DA:214,1
DA:215,3
DA:216,1
DA:221,1
DA:222,2
DA:223,1
DA:224,1
DA:225,3
DA:226,2
DA:227,8
DA:233,1
DA:234,1
DA:235,1
DA:238,1
DA:239,1
DA:243,1
DA:244,1
DA:245,3
DA:248,1
DA:261,2
DA:262,4
DA:264,2
DA:266,1
DA:267,1
DA:268,4
DA:269,4
DA:285,2
DA:286,2
DA:287,2
DA:289,0
DA:290,0
DA:291,0
DA:292,0
DA:294,0
DA:295,0
DA:296,0
DA:300,1
DA:301,3
DA:302,3
DA:303,1
DA:304,2
DA:305,2
DA:306,1
DA:307,2
DA:309,1
DA:312,2
DA:315,2
DA:316,6
DA:317,1
DA:320,2
DA:321,2
DA:323,2
DA:324,3
DA:325,7
DA:327,1
DA:330,2
DA:332,5
DA:333,2
DA:337,1
DA:338,1
DA:339,1
DA:341,1
DA:343,1
DA:346,2
DA:350,1
DA:351,5
DA:352,5
DA:353,1
DA:356,2
DA:357,3
DA:358,2
DA:363,1
DA:364,1
DA:365,5
DA:366,1
DA:369,3
DA:370,3
DA:371,3
DA:372,1
DA:375,1
DA:377,2
DA:379,2
DA:380,4
DA:381,1
DA:382,3
DA:386,1
DA:387,6
DA:388,2
DA:391,1
DA:392,6
DA:393,5
DA:396,1
DA:397,4
DA:398,8
DA:399,5
DA:400,3
DA:403,1
DA:404,1
DA:405,1
DA:406,3
DA:408,1
DA:413,1
DA:414,1
DA:415,2
DA:416,4
DA:421,1
DA:422,1
DA:423,1
DA:424,6
DA:425,7
DA:426,2
DA:427,1
DA:428,4
DA:429,1
DA:432,1
DA:433,1
DA:434,1
DA:435,1
DA:437,2
DA:438,2
DA:439,2
DA:440,2
DA:441,2
DA:442,2
DA:443,2
DA:449,1
DA:450,1
DA:451,1
DA:452,2
DA:453,1
DA:454,1
DA:455,1
DA:456,0
DA:458,1
DA:463,1
DA:464,2
DA:465,1
DA:466,1
DA:467,1
DA:469,1
DA:472,1
DA:473,2
DA:474,5
DA:477,1
DA:478,1
DA:479,1
DA:480,1
DA:481,1
DA:483,1
DA:484,1
DA:485,1
DA:486,1
DA:487,1
DA:488,1
DA:489,1
DA:490,1
DA:491,1
DA:492,1
DA:493,1
DA:494,1
DA:495,1
DA:496,1
DA:497,1
DA:498,1
DA:499,1
DA:500,1
DA:501,1
DA:502,1
DA:503,1
DA:504,1
DA:505,1
DA:506,1
DA:507,1
DA:508,1
DA:509,1
DA:510,1
DA:511,1
DA:512,1
DA:513,1
DA:514,1
DA:515,1
DA:516,1
DA:517,1
DA:518,1
DA:519,1
DA:520,1
DA:521,1
DA:524,1
DA:525,2
DA:529,3
DA:530,3
DA:531,3
DA:532,3
DA:533,6
DA:534,1
DA:535,1
DA:536,1
DA:537,2
DA:538,2
DA:539,1
DA:540,1
DA:541,1
DA:542,2
DA:543,2
DA:544,2
DA:545,1
DA:546,2
DA:547,1
DA:548,2
DA:552,1
DA:554,3
DA:555,6
DA:557,0
DA:560,1
DA:561,3
DA:563,4
DA:564,4
DA:566,2
DA:567,2
DA:568,2
DA:569,3
DA:571,6
DA:576,1
DA:577,3
DA:578,3
DA:579,4
DA:580,2
DA:582,4
DA:583,2
DA:584,1
DA:587,2
DA:588,4
DA:591,1
DA:594,0
DA:595,3
DA:599,1
DA:600,1
DA:601,3
DA:602,1
DA:604,2
DA:605,5
DA:606,2
DA:607,1
DA:608,1
DA:611,1
DA:612,1
DA:613,1
DA:614,4
DA:615,1
DA:616,2
DA:617,2
DA:618,2
DA:619,0
DA:621,4
DA:627,1
DA:628,4
DA:629,1
DA:630,4
DA:631,2
DA:633,1
DA:636,1
DA:637,4
DA:638,1
DA:639,4
DA:641,1
DA:644,1
DA:645,3
DA:646,4
DA:647,1
DA:648,4
DA:649,2
DA:650,2
DA:652,1
DA:655,1
DA:656,4
DA:657,2
DA:658,2
DA:659,2
DA:660,2
DA:661,2
DA:663,2
DA:664,2
DA:666,1
DA:669,1
DA:670,4
DA:671,2
DA:672,2
DA:673,2
DA:674,2
DA:675,2
DA:676,2
DA:677,1
DA:680,1
DA:683,3
DA:684,5
DA:685,3
DA:686,2
DA:687,1
DA:690,0
DA:691,1
DA:692,2
DA:693,0
DA:694,3
DA:697,1
DA:700,3
DA:701,5
DA:702,3
DA:703,2
DA:704,1
DA:707,0
DA:708,1
DA:709,2
DA:710,0
DA:711,1
DA:712,5
DA:715,1
DA:716,4
DA:717,0
DA:718,1
DA:719,2
DA:720,0
DA:721,2
DA:722,6
DA:723,1
DA:724,3
DA:725,1
DA:726,1
DA:727,2
DA:730,1
DA:731,1
DA:733,3
DA:734,5
DA:735,2
DA:736,2
DA:737,2
DA:740,2
DA:743,1
DA:744,2
DA:745,2
DA:746,4
DA:747,1
DA:748,1
DA:749,4
DA:751,2
DA:753,2
DA:754,1
DA:755,3
DA:756,1
DA:759,1
DA:760,2
DA:765,0
DA:766,0
DA:767,0
DA:770,1
DA:771,2
DA:772,0
DA:773,0
DA:774,0
DA:777,0
DA:779,0
DA:789,2
DA:796,0
DA:797,0
DA:798,0
DA:799,0
DA:800,0
DA:801,0
DA:802,0
DA:803,0
DA:804,0
DA:809,2
DA:815,1
DA:816,2
DA:818,1
DA:819,2
DA:820,10
DA:821,9
DA:822,9
DA:826,1
DA:833,0
DA:834,0
DA:836,0
DA:842,0
DA:843,0
DA:844,0
DA:845,0
DA:850,1
DA:851,4
DA:852,0
DA:853,1
DA:854,2
DA:855,5
DA:856,3
DA:857,2
DA:858,1
DA:861,1
DA:862,4
DA:863,1
DA:864,1
DA:865,2
DA:866,2
DA:867,4
DA:868,3
DA:870,1
DA:871,2
DA:872,1
DA:876,1
DA:878,2
DA:879,1
DA:882,2
DA:885,1
DA:886,1
DA:887,1
DA:888,1
DA:890,2
DA:891,8
DA:895,1
DA:896,3
DA:897,1
DA:906,0
DA:907,0
DA:912,0
DA:913,0
DA:920,0
DA:923,1
DA:924,1
DA:925,1
DA:926,1
DA:927,1
DA:928,1
DA:929,1
DA:933,0
DA:946,1
DA:947,4
DA:948,0
DA:949,1
DA:952,1
DA:956,1
DA:957,4
DA:958,0
DA:959,5
DA:960,5
DA:961,1
DA:962,1
DA:966,1
DA:968,1
DA:972,1
DA:973,5
DA:974,1
DA:975,1
DA:976,1
DA:978,1
DA:985,0
DA:986,0
DA:987,0
DA:988,0
DA:993,0
DA:994,0
DA:998,1
DA:999,4
DA:1000,0
DA:1001,1
DA:1002,1
DA:1003,1
DA:1004,3
DA:1005,6
DA:1006,6
DA:1008,6
DA:1012,1
DA:1013,1
DA:1015,2
DA:1016,1
DA:1020,1
DA:1022,9
DA:1025,1
DA:1026,2
DA:1027,1
DA:1028,6
DA:1030,1
DA:1033,1
DA:1034,2
DA:1035,2
DA:1037,1
DA:1040,11
DA:1042,1
DA:1043,1
DA:1044,1
DA:1045,5
DA:1046,2
DA:1049,1
DA:1050,2
DA:1051,2
DA:1052,5
DA:1053,5
DA:1054,2
DA:1055,4
DA:1056,4
DA:1057,4
DA:1058,0
DA:1061,1
DA:1062,2
DA:1063,2
DA:1064,5
DA:1065,2
DA:1066,3
DA:1067,1
DA:1068,2
DA:1069,3
DA:1070,3
DA:1075,1
DA:1076,4
DA:1077,1
DA:1078,1
DA:1079,2
DA:1080,2
DA:1081,1
DA:1082,1
DA:1083,3
DA:1085,1
DA:1090,1
DA:1091,4
DA:1092,1
DA:1093,1
DA:1094,2
DA:1095,2
DA:1096,1
DA:1097,1
DA:1098,2
DA:1099,4
DA:1104,1
DA:1105,2
DA:1106,1
DA:1107,1
DA:1108,1
DA:1109,1
DA:1110,1
DA:1111,1
DA:1112,1
DA:1113,1
DA:1115,3
DA:1118,2
DA:1134,1
DA:1135,3
DA:1136,3
DA:1138,3
DA:1139,3
DA:1141,1
DA:1144,1
DA:1145,4
DA:1146,1
DA:1147,1
DA:1148,1
DA:1153,4
DA:1154,2
DA:1155,2
DA:1156,2
DA:1157,2
DA:1158,2
DA:1159,2
DA:1160,2
DA:1161,2
DA:1162,2
DA:1163,2
DA:1164,2
DA:1165,2
DA:1180,2
LF:700
LH:642
end_of_record
SF:lib/core/providers/search_provider.dart
DA:24,0
DA:37,0
DA:52,2
DA:54,2
DA:55,2
DA:57,0
DA:58,0
DA:59,0
DA:64,0
DA:65,0
DA:66,0
DA:67,0
DA:70,0
DA:71,0
DA:73,0
DA:74,0
DA:75,0
DA:77,0
DA:78,0
DA:79,0
DA:80,0
DA:81,0
DA:84,0
DA:85,0
DA:86,0
DA:88,0
DA:89,0
DA:90,0
DA:96,0
DA:97,0
DA:98,0
DA:102,0
DA:103,0
DA:104,0
DA:106,0
DA:107,0
DA:108,0
DA:109,0
DA:110,0
DA:111,0
DA:112,0
DA:114,0
DA:115,0
DA:116,0
DA:120,0
DA:121,0
DA:122,0
DA:123,0
DA:124,0
DA:125,0
DA:128,1
DA:129,1
DA:130,2
DA:132,0
DA:133,0
DA:135,0
DA:136,0
DA:137,0
DA:138,0
DA:139,0
DA:142,0
DA:146,0
DA:147,0
DA:151,0
DA:152,0
DA:153,0
DA:154,0
DA:155,0
DA:156,0
DA:159,0
DA:160,0
DA:161,0
DA:162,0
DA:164,0
DA:166,0
DA:167,0
DA:168,0
DA:171,0
DA:172,0
DA:173,0
DA:174,0
DA:177,0
DA:178,0
DA:179,0
DA:180,0
DA:181,0
DA:182,0
DA:183,0
DA:185,0
DA:188,0
DA:189,0
DA:190,0
DA:192,0
DA:193,0
DA:198,0
DA:199,0
DA:201,0
DA:202,0
DA:203,0
DA:204,0
DA:210,0
DA:211,0
DA:212,0
DA:213,0
DA:214,0
DA:215,0
DA:216,0
DA:221,0
DA:222,0
DA:223,0
DA:224,0
DA:225,0
DA:226,0
DA:227,0
DA:228,0
DA:231,0
DA:233,0
DA:234,0
DA:235,0
DA:240,0
DA:242,0
DA:243,0
DA:244,0
DA:245,0
DA:246,0
LF:125
LH:6
end_of_record
SF:lib/features/courses/data/cheat_sheet_repository.dart
DA:12,0
DA:13,0
DA:16,0
DA:18,0
DA:19,0
DA:20,0
DA:21,0
DA:24,0
DA:25,0
DA:27,0
DA:29,0
DA:31,0
DA:35,0
DA:41,0
DA:42,0
DA:44,0
DA:45,0
DA:46,0
DA:47,0
DA:48,0
DA:50,0
DA:56,0
DA:63,0
DA:64,0
DA:65,0
DA:66,0
DA:67,0
DA:72,0
DA:78,0
DA:79,0
DA:80,0
DA:83,0
DA:84,0
DA:85,0
DA:87,0
DA:89,0
DA:90,0
DA:96,0
DA:98,0
DA:103,0
DA:104,0
DA:105,0
LF:42
LH:0
end_of_record
SF:lib/features/courses/providers/courses_provider.dart
DA:25,1
DA:26,1
DA:29,0
DA:30,0
DA:31,0
DA:32,0
DA:37,0
DA:38,0
DA:39,0
DA:40,0
DA:41,0
DA:42,0
DA:43,0
DA:44,0
DA:46,0
DA:47,0
DA:48,0
DA:49,0
DA:50,0
DA:52,0
DA:53,0
DA:54,0
DA:59,0
DA:60,0
DA:62,0
DA:63,0
DA:64,0
DA:66,0
DA:67,0
DA:69,0
DA:72,0
DA:73,0
DA:74,0
DA:75,0
DA:76,0
DA:77,0
DA:82,0
DA:83,0
DA:84,0
DA:85,0
DA:88,0
DA:89,0
DA:90,0
DA:91,0
DA:93,0
DA:95,0
DA:96,0
DA:99,0
DA:102,0
DA:103,0
DA:104,0
DA:105,0
DA:110,0
DA:112,0
DA:113,0
DA:116,0
DA:121,0
DA:123,0
DA:130,0
DA:131,0
DA:132,0
DA:133,0
DA:137,0
DA:139,0
DA:140,0
DA:143,0
DA:149,1
DA:151,1
DA:152,1
DA:153,2
DA:155,0
DA:156,0
DA:158,0
DA:160,0
DA:161,0
DA:163,0
DA:164,0
LF:77
LH:6
end_of_record
SF:lib/features/courses/screens/cheat_sheet_screen.dart
DA:21,0
DA:35,0
DA:36,0
DA:37,0
DA:38,0
DA:39,0
DA:40,0
DA:41,0
DA:42,0
DA:43,0
DA:44,0
DA:45,0
DA:46,0
DA:47,0
DA:49,0
DA:57,0
DA:58,0
DA:67,0
DA:69,0
DA:70,0
DA:71,0
DA:72,0
DA:76,0
DA:77,0
DA:78,0
DA:79,0
DA:80,0
DA:81,0
DA:83,0
DA:87,0
DA:88,0
DA:89,0
DA:90,0
DA:91,0
DA:92,0
DA:93,0
DA:94,0
DA:101,0
DA:103,0
DA:106,0
DA:107,0
DA:108,0
DA:109,0
DA:111,0
DA:114,0
DA:116,0
DA:117,0
DA:118,0
DA:119,0
DA:120,0
DA:122,0
DA:124,0
DA:125,0
DA:126,0
DA:127,0
DA:135,0
DA:136,0
DA:138,0
DA:139,0
DA:142,0
DA:143,0
DA:144,0
DA:145,0
DA:155,0
DA:157,0
DA:158,0
DA:159,0
DA:160,0
DA:162,0
DA:163,0
DA:165,0
DA:167,0
DA:170,0
DA:178,0
DA:179,0
DA:180,0
DA:182,0
DA:183,0
DA:186,0
DA:187,0
DA:188,0
DA:189,0
DA:195,0
DA:197,0
DA:199,0
DA:200,0
DA:201,0
DA:202,0
DA:203,0
DA:206,0
DA:207,0
DA:208,0
DA:210,0
DA:211,0
DA:214,0
DA:217,0
DA:218,0
DA:220,0
DA:221,0
DA:222,0
DA:223,0
DA:227,0
DA:229,0
DA:231,0
DA:232,0
DA:234,0
DA:236,0
DA:239,0
DA:240,0
DA:241,0
DA:242,0
DA:255,0
DA:266,0
DA:267,0
DA:268,0
DA:270,0
DA:273,0
DA:274,0
DA:275,0
DA:276,0
DA:277,0
DA:278,0
DA:279,0
DA:280,0
DA:285,0
DA:286,0
DA:287,0
DA:288,0
DA:289,0
DA:290,0
DA:291,0
DA:292,0
DA:293,0
DA:294,0
DA:295,0
DA:296,0
DA:297,0
DA:298,0
DA:301,0
DA:302,0
DA:303,0
DA:304,0
DA:305,0
DA:306,0
DA:307,0
DA:308,0
DA:316,0
DA:318,0
DA:319,0
DA:325,0
DA:327,0
DA:328,0
DA:330,0
DA:331,0
DA:332,0
DA:333,0
DA:334,0
DA:335,0
DA:350,0
DA:352,0
DA:354,0
DA:355,0
DA:358,0
DA:359,0
DA:360,0
DA:364,0
DA:365,0
DA:366,0
DA:368,0
DA:369,0
DA:370,0
DA:372,0
DA:375,0
DA:376,0
DA:379,0
DA:380,0
DA:381,0
DA:382,0
LF:178
LH:0
end_of_record
SF:lib/core/providers/shell_provider.dart
DA:12,2
DA:13,2
DA:14,2
DA:15,0
DA:16,2
DA:18,0
DA:25,0
DA:26,0
DA:27,0
DA:28,0
DA:29,0
DA:31,0
DA:34,0
DA:35,0
DA:36,0
DA:37,0
LF:16
LH:4
end_of_record
SF:lib/core/theme/app_theme.dart
DA:153,1
DA:154,1
DA:155,1
DA:157,1
DA:163,1
DA:164,1
DA:165,1
DA:166,2
DA:170,2
DA:174,1
DA:175,1
DA:176,1
DA:177,1
DA:178,1
DA:179,1
DA:180,2
DA:218,1
DA:219,1
DA:222,1
DA:227,1
DA:228,1
DA:243,1
DA:244,1
DA:257,1
DA:258,1
DA:282,1
DA:283,1
DA:284,1
DA:286,1
DA:287,1
DA:300,1
DA:301,1
DA:302,0
DA:305,1
DA:306,0
DA:309,1
DA:318,1
DA:319,1
LF:38
LH:36
end_of_record
SF:lib/core/widgets/tdc_motion.dart
DA:16,0
DA:18,0
DA:19,0
DA:26,0
DA:28,0
DA:29,0
DA:30,0
DA:31,0
DA:34,0
DA:36,0
DA:37,0
DA:40,0
DA:42,0
DA:43,0
DA:44,0
DA:45,0
DA:48,0
DA:61,0
DA:68,0
DA:70,0
DA:77,0
DA:79,0
DA:80,0
DA:81,0
DA:82,0
DA:85,0
DA:87,0
DA:88,0
DA:91,0
DA:93,0
DA:94,0
DA:95,0
DA:96,0
DA:97,0
DA:98,0
DA:99,0
DA:102,0
DA:103,0
DA:104,0
DA:105,0
DA:107,0
DA:108,0
DA:109,0
DA:110,0
DA:111,0
DA:112,0
DA:113,0
DA:114,0
DA:115,0
DA:116,0
DA:117,0
DA:118,0
DA:136,0
DA:137,0
DA:138,0
DA:139,0
DA:140,0
DA:141,0
DA:142,0
DA:144,0
DA:163,0
DA:170,0
DA:172,0
DA:175,0
DA:176,0
DA:181,0
DA:182,0
DA:183,0
DA:184,0
DA:185,0
DA:190,0
DA:198,0
DA:199,0
DA:208,0
DA:211,0
DA:213,0
LF:76
LH:0
end_of_record
SF:lib/core/widgets/tdc_widgets.dart
DA:23,0
DA:32,0
DA:33,0
DA:40,0
DA:42,0
DA:44,0
DA:45,0
DA:46,0
DA:47,0
DA:48,0
DA:49,0
DA:50,0
DA:51,0
DA:52,0
DA:53,0
DA:56,0
DA:59,0
DA:60,0
DA:63,0
DA:64,0
DA:65,0
DA:69,0
DA:70,0
DA:72,0
DA:79,0
DA:96,0
DA:98,0
DA:100,0
DA:101,0
DA:102,0
DA:103,0
DA:104,0
DA:105,0
DA:108,0
DA:113,0
DA:127,0
DA:130,0
DA:132,0
DA:134,0
DA:135,0
DA:137,0
DA:139,0
DA:141,0
DA:142,0
DA:143,0
DA:146,0
DA:147,0
DA:148,0
DA:164,0
DA:171,0
DA:173,0
DA:175,0
DA:176,0
DA:177,0
DA:178,0
DA:181,0
DA:183,0
DA:187,0
DA:189,0
DA:190,0
DA:191,0
DA:192,0
DA:193,0
DA:194,0
DA:220,0
DA:227,0
DA:229,0
DA:230,0
DA:231,0
DA:232,0
DA:233,0
DA:235,0
DA:237,0
DA:239,0
DA:253,1
DA:260,0
DA:262,0
DA:263,0
DA:265,0
DA:266,0
DA:272,0
DA:273,0
DA:275,0
DA:280,0
DA:282,0
DA:287,0
DA:302,0
DA:309,0
DA:311,0
DA:312,0
DA:313,0
DA:314,0
DA:315,0
DA:316,0
DA:317,0
DA:330,0
DA:332,0
DA:334,0
DA:336,0
DA:339,0
DA:341,0
DA:358,0
DA:365,0
DA:367,0
DA:370,0
DA:373,0
DA:375,0
DA:377,0
DA:378,0
DA:379,0
DA:382,0
DA:383,0
DA:384,0
DA:395,0
DA:396,0
DA:404,0
DA:406,0
DA:409,0
DA:411,0
DA:413,0
DA:424,0
DA:425,0
LF:122
LH:1
end_of_record
SF:lib/utils/ip_helper.dart
DA:11,1
DA:22,1
DA:23,8
DA:25,1
DA:26,3
DA:27,2
DA:28,2
DA:29,2
DA:31,2
DA:33,10
DA:34,4
DA:35,1
DA:36,3
DA:38,1
DA:39,1
DA:40,1
DA:43,1
DA:44,2
DA:45,2
DA:46,3
DA:47,1
DA:48,1
DA:49,1
DA:52,1
DA:53,1
DA:57,1
LF:26
LH:26
end_of_record
SF:lib/widgets/app_shell.dart
DA:24,1
DA:28,1
DA:29,1
DA:35,0
DA:37,1
DA:39,1
DA:44,0
DA:45,0
DA:46,0
DA:47,0
DA:48,0
DA:49,0
DA:51,0
DA:53,0
DA:54,0
DA:57,0
DA:58,0
DA:59,0
DA:60,0
DA:64,0
DA:65,0
DA:73,0
DA:76,0
DA:78,0
DA:83,0
DA:84,0
DA:85,0
DA:86,0
DA:87,0
DA:88,0
DA:89,0
DA:90,0
DA:91,0
DA:92,0
DA:93,0
DA:94,0
DA:95,0
DA:96,0
DA:99,0
DA:100,0
DA:101,0
DA:103,0
DA:105,0
DA:107,0
DA:108,0
DA:109,0
DA:110,0
DA:112,0
DA:119,0
DA:120,0
DA:122,0
DA:123,0
DA:125,0
DA:127,0
DA:129,0
DA:130,0
DA:131,0
DA:132,0
DA:133,0
DA:134,0
DA:137,0
DA:138,0
DA:139,0
DA:143,0
DA:155,1
DA:157,1
DA:158,1
DA:159,1
DA:160,1
DA:161,1
DA:162,2
DA:163,0
DA:170,0
DA:172,0
DA:174,0
DA:175,0
DA:176,0
DA:177,0
DA:178,0
DA:179,0
DA:180,0
DA:181,0
DA:182,0
DA:183,0
DA:193,0
DA:195,0
DA:203,0
DA:204,0
DA:205,0
DA:206,0
DA:209,0
DA:214,0
DA:215,0
DA:216,0
DA:217,0
DA:218,0
DA:219,0
DA:225,0
DA:226,0
DA:229,0
DA:232,0
DA:234,0
DA:236,0
DA:237,0
DA:239,0
DA:241,0
DA:242,0
DA:249,0
DA:252,0
DA:254,0
DA:255,0
DA:271,0
DA:272,0
DA:273,0
DA:274,0
DA:275,0
DA:278,0
DA:279,0
DA:281,0
DA:285,1
DA:287,1
DA:289,1
DA:292,1
DA:293,1
DA:296,1
DA:298,1
DA:299,3
DA:303,0
DA:305,0
DA:307,0
DA:309,0
DA:311,0
DA:313,0
DA:314,0
DA:317,0
DA:319,0
DA:320,0
DA:322,0
DA:326,1
DA:328,1
DA:333,1
DA:334,2
DA:336,0
DA:341,2
DA:342,1
DA:343,0
DA:346,0
DA:350,1
DA:351,1
DA:352,1
DA:353,1
DA:354,2
DA:363,1
DA:364,1
DA:366,0
DA:369,1
DA:370,2
DA:371,0
DA:372,1
DA:381,0
DA:382,0
DA:385,0
DA:386,0
DA:387,0
DA:388,0
DA:404,0
DA:414,0
DA:416,0
DA:417,0
DA:420,0
DA:421,0
DA:422,0
DA:428,0
DA:430,0
DA:431,0
DA:432,0
DA:433,0
DA:434,0
DA:435,0
DA:436,0
DA:437,0
DA:438,0
DA:439,0
DA:441,0
DA:442,0
DA:446,0
DA:448,0
DA:450,0
DA:451,0
DA:457,0
DA:458,0
DA:471,0
DA:477,1
DA:481,1
DA:482,0
DA:483,0
DA:486,0
DA:492,0
DA:493,0
DA:494,0
DA:495,0
DA:496,0
DA:497,0
DA:499,0
DA:500,0
DA:502,0
DA:503,0
DA:506,0
DA:508,0
DA:509,0
DA:510,0
DA:521,0
DA:523,0
DA:524,0
DA:525,0
DA:526,0
DA:548,0
DA:550,0
DA:552,0
DA:553,0
DA:555,0
DA:562,0
DA:570,0
DA:571,0
DA:572,0
DA:573,0
DA:581,0
DA:582,0
DA:591,0
DA:593,0
DA:594,0
DA:596,0
DA:600,0
DA:602,0
DA:603,0
DA:604,0
DA:605,0
DA:608,0
DA:610,0
DA:613,0
DA:615,0
DA:616,0
DA:617,0
DA:620,0
DA:624,0
DA:625,0
DA:626,0
DA:628,0
DA:629,0
DA:630,0
DA:632,0
DA:638,0
DA:639,0
DA:640,0
DA:641,0
DA:665,0
DA:667,0
DA:668,0
DA:669,0
DA:673,0
DA:674,0
DA:675,0
DA:677,0
DA:678,0
DA:679,0
DA:681,0
DA:694,0
DA:703,0
DA:709,0
DA:710,0
DA:716,0
DA:718,0
DA:719,0
DA:720,0
DA:722,0
DA:725,0
DA:727,0
DA:728,0
DA:729,0
DA:730,0
DA:732,0
DA:735,0
DA:736,0
DA:738,0
DA:741,0
DA:746,0
DA:749,0
DA:750,0
DA:751,0
DA:755,0
DA:760,0
DA:761,0
DA:762,0
DA:763,0
DA:766,0
DA:776,0
DA:789,0
DA:791,0
DA:792,0
DA:800,0
DA:802,0
DA:803,0
DA:805,0
DA:806,0
DA:807,0
DA:809,0
DA:810,0
DA:813,0
DA:815,0
DA:817,0
DA:820,0
DA:821,0
DA:822,0
DA:823,0
DA:828,0
DA:830,0
DA:831,0
DA:833,0
DA:836,0
DA:837,0
DA:846,0
DA:848,0
DA:849,0
DA:850,0
DA:851,0
DA:852,0
DA:853,0
DA:854,0
DA:856,0
DA:858,0
DA:864,0
DA:865,0
DA:866,0
DA:870,0
DA:871,0
DA:872,0
DA:876,0
DA:877,0
DA:878,0
DA:879,0
DA:880,0
DA:881,0
DA:882,0
DA:883,0
DA:884,0
DA:888,0
DA:889,0
DA:890,0
DA:891,0
DA:893,0
DA:894,0
DA:895,0
DA:896,0
DA:910,0
DA:911,0
DA:914,0
DA:923,0
DA:928,0
DA:929,0
DA:933,0
DA:935,0
DA:937,0
DA:943,0
DA:945,0
DA:946,0
DA:948,0
DA:952,0
DA:953,0
DA:957,0
DA:959,0
DA:961,0
DA:963,0
DA:964,0
DA:965,0
DA:966,0
DA:968,0
DA:970,0
DA:971,0
DA:972,0
DA:973,0
DA:974,0
DA:975,0
DA:976,0
DA:977,0
DA:978,0
DA:979,0
DA:981,0
DA:982,0
DA:984,0
DA:988,0
LF:390
LH:38
end_of_record
SF:lib/core/providers/settings_provider.dart
DA:21,1
DA:22,1
DA:25,0
DA:28,0
DA:29,2
DA:30,0
DA:31,0
DA:32,0
DA:33,0
DA:34,0
DA:35,0
DA:36,0
DA:37,0
DA:39,0
DA:40,0
DA:41,0
DA:43,0
DA:50,1
DA:51,2
DA:52,0
DA:53,0
DA:54,0
DA:55,0
DA:56,0
DA:57,0
DA:58,0
DA:59,0
DA:60,0
DA:61,0
DA:65,0
DA:66,0
DA:67,0
DA:68,0
DA:71,0
DA:72,0
DA:73,0
DA:74,0
DA:77,0
DA:78,0
DA:79,0
DA:80,0
DA:83,0
DA:84,0
DA:85,0
DA:86,0
DA:89,0
DA:91,0
DA:92,0
DA:93,0
DA:94,0
DA:96,0
DA:102,0
DA:103,0
DA:104,0
DA:105,0
DA:108,0
DA:109,0
DA:110,0
DA:111,0
DA:114,0
DA:115,0
DA:116,0
DA:117,0
DA:120,0
DA:121,0
DA:122,0
DA:123,0
DA:126,0
DA:127,0
DA:128,0
DA:129,0
DA:133,0
DA:134,0
DA:137,0
DA:138,0
LF:75
LH:5
end_of_record
SF:lib/core/navigation/nav_keys.dart
DA:10,0
DA:12,0
DA:13,0
DA:15,0
DA:21,0
DA:22,0
DA:24,0
DA:25,0
DA:27,0
DA:28,0
DA:30,0
DA:33,0
DA:36,0
DA:37,0
DA:39,0
DA:40,0
DA:42,0
DA:43,0
DA:45,0
DA:48,0
DA:51,0
DA:52,0
DA:57,0
DA:59,0
DA:62,0
DA:64,0
DA:67,0
DA:69,0
DA:72,0
DA:73,0
DA:75,0
DA:78,0
DA:80,0
DA:82,0
LF:34
LH:0
end_of_record
SF:lib/core/responsive/responsive.dart
DA:15,0
DA:16,0
DA:17,0
DA:26,0
DA:33,0
DA:35,0
DA:36,0
DA:37,0
DA:38,0
DA:46,1
DA:48,1
DA:50,3
DA:51,1
DA:53,1
DA:56,2
DA:63,0
DA:64,2
DA:65,2
DA:66,0
DA:71,0
DA:72,0
DA:73,0
DA:74,0
DA:75,0
DA:78,0
DA:79,0
DA:80,0
DA:81,0
DA:82,0
DA:83,0
DA:84,0
DA:85,0
DA:88,0
DA:93,0
DA:94,0
DA:95,0
DA:96,0
DA:97,0
DA:100,0
DA:101,0
DA:102,0
DA:103,0
DA:104,0
DA:107,0
DA:109,0
DA:110,0
DA:111,0
DA:112,0
LF:48
LH:8
end_of_record
SF:lib/features/tools/tool_catalog.dart
DA:14,2
DA:250,0
DA:251,0
DA:252,0
DA:253,0
LF:5
LH:1
end_of_record
SF:lib/features/lab/simulators/network_simulator.dart
DA:14,1
DA:16,1
DA:17,1
DA:44,1
DA:46,1
DA:47,2
DA:48,2
DA:49,2
DA:51,1
DA:54,1
DA:56,2
DA:57,2
DA:58,2
DA:59,2
DA:60,2
DA:61,2
DA:62,1
DA:65,1
DA:67,2
DA:68,1
DA:74,1
DA:77,1
DA:83,1
DA:89,1
DA:91,1
DA:95,1
DA:96,1
DA:112,1
DA:115,1
DA:116,1
DA:137,1
DA:138,1
DA:139,1
DA:140,1
DA:141,1
DA:142,1
DA:143,1
DA:144,1
DA:145,1
DA:171,1
DA:172,1
DA:174,1
DA:175,1
DA:182,1
DA:189,1
DA:196,1
DA:206,1
DA:207,1
DA:209,1
DA:210,1
DA:211,1
DA:212,1
DA:214,1
DA:225,1
DA:239,1
DA:240,1
DA:242,1
DA:243,1
DA:245,1
DA:247,1
DA:249,1
DA:251,1
DA:253,1
DA:263,1
DA:264,1
DA:265,1
DA:266,1
DA:267,1
DA:276,1
DA:277,2
DA:278,1
DA:285,2
DA:286,1
DA:300,1
DA:301,1
DA:302,1
DA:304,1
DA:306,1
DA:307,1
DA:308,1
DA:313,1
DA:314,1
DA:326,1
DA:327,3
DA:336,1
DA:337,1
DA:338,2
DA:339,1
DA:340,2
DA:341,1
DA:354,1
DA:355,1
DA:358,1
DA:360,1
DA:362,1
DA:364,1
DA:365,1
DA:366,1
DA:367,1
DA:368,2
DA:373,1
DA:374,1
DA:376,1
DA:377,1
DA:378,1
DA:385,1
DA:386,3
DA:395,1
DA:397,1
DA:398,2
DA:400,1
DA:401,2
DA:412,1
DA:413,1
DA:414,1
DA:415,1
DA:422,4
DA:424,1
DA:426,1
DA:427,1
DA:428,2
DA:430,1
DA:431,1
DA:447,1
DA:448,1
DA:450,1
DA:451,1
DA:453,1
DA:455,1
DA:457,1
DA:459,1
DA:460,1
DA:461,1
DA:462,1
DA:463,1
DA:472,1
DA:473,2
DA:474,1
DA:481,2
DA:482,1
DA:493,1
DA:494,1
DA:495,1
DA:497,1
DA:499,1
DA:500,1
DA:501,1
DA:516,1
DA:517,1
DA:518,2
DA:519,0
DA:520,0
DA:521,0
DA:534,0
DA:535,0
DA:536,0
DA:539,0
DA:541,0
DA:543,0
DA:544,0
DA:545,0
DA:546,0
DA:551,0
DA:552,0
DA:553,0
DA:566,1
DA:567,1
DA:569,1
DA:570,1
DA:572,1
DA:574,1
DA:576,1
DA:578,1
DA:579,1
DA:580,1
DA:581,1
DA:582,1
DA:591,1
DA:592,2
DA:593,1
DA:600,2
DA:601,1
DA:612,1
DA:613,1
DA:614,1
DA:616,1
DA:618,1
DA:619,1
DA:620,1
DA:635,1
DA:636,1
DA:637,2
DA:638,0
DA:639,0
DA:640,0
DA:653,0
DA:654,0
DA:657,0
DA:659,0
DA:661,0
DA:662,0
DA:663,0
DA:666,0
DA:667,0
DA:669,0
DA:670,0
DA:671,0
DA:681,0
DA:682,0
DA:684,0
DA:685,0
DA:686,0
DA:693,0
DA:694,0
DA:704,0
DA:706,0
DA:707,0
DA:708,0
DA:709,0
DA:720,1
DA:721,1
DA:723,1
DA:724,1
DA:726,1
DA:728,1
DA:730,1
DA:732,1
DA:733,1
DA:734,1
DA:735,1
DA:736,1
DA:737,1
DA:738,1
DA:748,0
DA:753,1
DA:754,2
DA:755,2
DA:756,2
DA:757,1
DA:758,1
DA:771,1
DA:772,1
DA:773,1
DA:775,1
DA:777,1
DA:778,1
DA:779,1
DA:784,1
DA:785,1
DA:798,1
DA:806,0
DA:810,1
DA:811,1
DA:812,2
DA:813,0
DA:814,0
DA:815,0
DA:828,0
DA:829,0
DA:830,0
DA:833,0
DA:834,0
DA:835,0
DA:837,0
DA:839,0
DA:840,0
DA:841,0
DA:842,0
DA:843,0
DA:844,0
DA:851,0
DA:852,0
DA:853,0
DA:862,0
DA:863,0
DA:869,0
DA:870,0
DA:882,0
DA:883,0
DA:884,0
DA:885,0
DA:886,0
DA:889,0
DA:891,0
DA:892,0
DA:898,0
DA:901,0
DA:907,0
DA:910,0
DA:916,0
DA:921,0
DA:922,0
DA:923,0
DA:924,0
DA:925,0
DA:929,0
DA:932,0
DA:933,0
DA:934,0
DA:935,0
DA:936,0
DA:939,0
DA:941,0
DA:942,0
DA:943,0
DA:945,0
DA:946,0
DA:949,0
DA:954,0
DA:955,0
DA:959,0
DA:962,0
DA:963,0
DA:964,0
DA:965,0
DA:966,0
DA:969,0
DA:970,0
DA:971,0
DA:972,0
DA:973,0
DA:976,0
DA:977,0
DA:978,0
DA:979,0
DA:980,0
DA:984,0
DA:987,0
DA:988,0
DA:989,0
DA:991,0
DA:992,0
DA:993,0
DA:995,0
DA:996,0
DA:998,0
DA:999,0
DA:1000,0
DA:1001,0
DA:1003,0
DA:1005,0
DA:1006,0
DA:1009,0
DA:1010,0
DA:1011,0
DA:1016,0
DA:1017,0
DA:1019,1
DA:1021,1
DA:1022,1
DA:1023,0
DA:1028,0
DA:1030,0
DA:1031,0
DA:1032,0
DA:1048,1
DA:1067,0
DA:1083,0
DA:1101,0
LF:359
LH:214
end_of_record
SF:lib/features/lab/widgets/lab_widgets.dart
DA:16,0
DA:27,0
DA:29,0
DA:30,0
DA:31,0
DA:32,0
DA:33,0
DA:34,0
DA:35,0
DA:36,0
DA:38,0
DA:40,0
DA:42,0
DA:53,1
DA:61,1
DA:63,1
DA:64,1
DA:67,1
DA:69,1
DA:72,1
DA:74,1
DA:75,2
DA:77,1
DA:78,1
DA:80,1
DA:81,3
DA:82,1
DA:88,2
DA:108,0
DA:116,0
DA:118,0
DA:120,0
DA:122,0
DA:125,0
DA:128,0
DA:129,0
DA:130,0
DA:131,0
DA:133,0
DA:134,0
DA:135,0
DA:149,0
DA:150,0
DA:159,0
DA:162,0
DA:163,0
DA:169,0
DA:177,0
DA:183,0
DA:185,0
DA:186,0
DA:189,0
DA:191,0
DA:193,0
DA:194,0
DA:200,0
DA:201,0
DA:204,0
DA:205,0
DA:213,0
DA:214,0
DA:215,0
DA:217,0
DA:219,0
DA:225,0
DA:226,0
DA:228,0
DA:229,0
DA:230,0
DA:232,0
DA:234,0
DA:235,0
DA:236,0
DA:237,0
DA:238,0
DA:251,0
DA:252,0
DA:253,0
DA:272,0
DA:273,0
DA:276,0
DA:278,0
LF:82
LH:15
end_of_record
SF:lib/features/lab/widgets/simulator_ai_assistant.dart
DA:18,1
DA:19,0
DA:20,0
DA:35,1
DA:43,0
DA:44,0
DA:54,0
DA:56,0
DA:57,0
DA:58,0
DA:59,0
DA:62,0
DA:63,0
DA:64,0
DA:65,0
DA:66,0
DA:74,0
DA:75,0
DA:76,0
DA:78,0
DA:79,0
DA:80,0
DA:81,0
DA:83,0
DA:85,0
DA:86,0
DA:87,0
DA:88,0
DA:89,0
DA:92,0
DA:94,0
DA:96,0
DA:98,0
DA:99,0
DA:100,0
DA:101,0
DA:102,0
DA:103,0
DA:104,0
DA:105,0
DA:106,0
DA:108,0
DA:111,0
DA:112,0
DA:113,0
DA:114,0
DA:115,0
DA:118,0
DA:119,0
DA:120,0
DA:121,0
DA:122,0
DA:127,0
DA:128,0
DA:129,0
DA:130,0
DA:135,0
DA:137,0
DA:138,0
DA:140,0
DA:142,0
DA:143,0
DA:144,0
DA:146,0
DA:147,0
DA:148,0
DA:150,0
DA:151,0
DA:152,0
DA:153,0
DA:159,0
DA:161,0
DA:163,0
DA:175,0
DA:176,0
DA:180,0
DA:183,0
DA:188,0
DA:189,0
DA:190,0
DA:192,0
DA:193,0
DA:195,0
DA:196,0
DA:198,0
DA:205,0
DA:206,0
DA:207,0
DA:209,0
DA:210,0
DA:211,0
DA:212,0
DA:213,0
DA:214,0
DA:216,0
DA:218,0
DA:219,0
DA:220,0
DA:222,0
DA:223,0
DA:224,0
DA:225,0
DA:226,0
DA:229,0
DA:230,0
DA:232,0
DA:233,0
DA:234,0
DA:237,0
DA:238,0
DA:239,0
DA:240,0
DA:251,0
DA:252,0
DA:254,0
DA:257,0
DA:258,0
DA:259,0
DA:260,0
DA:262,0
DA:263,0
DA:264,0
DA:265,0
DA:267,0
DA:269,0
DA:273,0
DA:278,0
DA:279,0
DA:281,0
DA:283,0
DA:285,0
DA:286,0
DA:287,0
DA:288,0
DA:289,0
DA:290,0
DA:292,0
DA:294,0
DA:296,0
DA:298,0
DA:299,0
DA:303,0
DA:307,0
DA:308,0
DA:309,0
DA:313,0
DA:314,0
DA:315,0
DA:316,0
DA:317,0
DA:319,0
DA:320,0
DA:321,0
LF:153
LH:2
end_of_record
SF:lib/features/lab/services/crypto_engine.dart
DA:19,1
DA:20,2
DA:22,1
DA:23,2
DA:27,1
DA:28,2
DA:30,1
DA:31,2
DA:33,1
DA:34,1
DA:35,1
DA:37,1
DA:38,1
DA:41,1
DA:42,1
DA:43,1
DA:44,1
DA:45,1
DA:46,1
DA:50,3
DA:51,1
DA:52,1
DA:53,2
DA:54,3
DA:58,1
DA:59,6
DA:60,1
DA:62,1
DA:63,1
DA:66,2
DA:67,2
DA:68,0
DA:70,1
DA:71,1
DA:72,1
DA:73,1
DA:74,1
DA:76,2
DA:77,3
DA:79,1
DA:80,1
DA:85,1
DA:86,1
DA:87,1
DA:89,1
DA:90,1
DA:93,4
DA:94,6
DA:95,6
DA:100,1
DA:101,1
DA:102,1
DA:104,1
DA:105,0
DA:108,3
DA:111,1
DA:112,1
DA:113,1
DA:116,1
DA:120,1
DA:121,1
DA:123,2
DA:124,2
DA:125,9
DA:126,1
DA:127,2
DA:128,9
DA:129,1
DA:131,1
DA:134,1
DA:137,1
DA:138,1
DA:139,1
DA:142,1
DA:146,1
DA:147,1
DA:149,2
DA:150,2
DA:151,10
DA:152,1
DA:153,2
DA:154,10
DA:155,1
DA:157,1
DA:160,1
DA:163,1
DA:164,1
DA:165,1
DA:167,1
DA:168,1
DA:171,1
DA:172,1
DA:173,2
DA:174,3
DA:175,6
DA:177,1
DA:180,1
DA:181,1
DA:182,1
DA:184,1
DA:185,1
DA:188,1
DA:189,1
DA:190,2
DA:191,3
DA:192,6
DA:194,1
DA:199,4
DA:200,4
DA:201,2
DA:202,2
DA:204,1
DA:205,1
DA:206,1
DA:210,2
DA:211,1
DA:213,1
DA:215,1
DA:216,1
DA:221,1
DA:222,1
DA:223,1
DA:225,1
DA:226,1
DA:229,2
DA:230,2
DA:231,1
DA:236,1
DA:237,1
DA:238,1
DA:239,1
DA:240,1
DA:241,1
DA:242,1
DA:243,2
DA:247,1
DA:248,1
DA:249,1
DA:251,1
DA:252,1
DA:255,1
DA:256,1
DA:257,1
DA:258,2
DA:259,2
DA:262,1
DA:263,1
DA:264,1
DA:266,1
DA:267,1
DA:269,1
DA:270,1
DA:273,1
DA:274,2
DA:275,2
DA:276,2
DA:281,1
DA:282,1
DA:283,1
DA:284,1
DA:285,1
DA:286,1
DA:287,1
DA:288,2
DA:292,1
DA:293,1
DA:294,1
DA:296,1
DA:297,1
DA:300,1
DA:301,1
DA:302,1
DA:303,2
DA:304,1
DA:305,1
DA:306,1
DA:309,1
DA:310,1
DA:311,3
DA:316,1
DA:317,1
DA:318,0
DA:321,1
DA:322,1
DA:326,2
DA:327,1
DA:331,1
DA:340,1
DA:342,0
DA:343,0
DA:350,1
DA:357,1
DA:362,1
DA:363,2
DA:364,1
DA:365,5
DA:368,1
DA:369,2
DA:370,5
DA:371,5
DA:372,2
DA:373,2
DA:375,1
DA:376,1
DA:377,6
DA:384,1
DA:391,1
DA:410,1
DA:411,3
DA:412,5
DA:419,2
DA:421,1
DA:422,4
DA:424,1
DA:425,4
DA:426,3
DA:427,1
DA:428,2
DA:429,3
DA:431,3
DA:432,2
DA:435,6
DA:439,1
DA:440,6
DA:443,2
DA:444,2
DA:445,2
DA:446,2
DA:449,1
DA:450,1
DA:451,1
DA:452,1
DA:453,1
DA:454,1
DA:461,1
DA:462,2
DA:463,1
DA:464,5
DA:467,1
DA:468,2
DA:469,5
DA:470,5
DA:471,2
DA:472,2
DA:474,1
DA:475,1
DA:476,6
DA:484,1
DA:485,1
DA:487,3
DA:488,2
DA:489,4
DA:491,2
DA:492,11
DA:493,5
DA:502,2
DA:504,1
DA:505,4
DA:507,1
DA:508,2
DA:510,1
DA:511,5
DA:514,2
DA:518,9
DA:521,4
DA:526,2
DA:527,2
DA:528,2
DA:529,2
DA:530,2
DA:533,1
DA:534,1
DA:535,1
DA:536,1
DA:537,1
DA:538,1
DA:539,1
LF:277
LH:272
end_of_record
